============================= test session starts ==============================
platform linux -- Python 3.12.13, pytest-9.0.3, pluggy-1.6.0
rootdir: /finds
plugins: cov-7.1.0, anyio-4.13.0
collected 14 items

test/test_calculations.py F.FFF                                          [ 35%]
test/test_fish.py FFF                                                    [ 57%]
test/test_io.py .                                                        [ 64%]
test/test_postprocessing.py .                                            [ 71%]
test/test_simulation.py F.                                               [ 85%]
test/test_util.py ..                                                     [100%]

=================================== FAILURES ===================================
_______________________ test_calculate_feature_positions _______________________

    def test_calculate_feature_positions():
        r"""
        For an input shape of :math:`(N,6)`:
    
        1. The output should not be NoneType
        2. The output shape should be `(N,6)`.
        3. The output should contain only real, finite values.
        4. The norm of the difference between the head and tail of a fish
           should always be equal to the standard fish length, :math:`\ell`.
        """
        NUMBER_OF_TESTS = 10
    
        for _ in range(NUMBER_OF_TESTS):
>           N, random_matrix = generate_random_matrix()
                               ^^^^^^^^^^^^^^^^^^^^^^^^

test/test_calculations.py:21: 
_ _ _ _ _ _ _ _ _ _ _ _ _ _ _ _ _ _ _ _ _ _ _ _ _ _ _ _ _ _ _ _ _ _ _ _ _ _ _ _ 
test/common.py:20: in generate_random_matrix
    random_matrix = generate_system(
finds/fish.py:293: in generate_system
    orientations = perturb_orientations(orientations, angle_delta)
                   ^^^^^^^^^^^^^^^^^^^^^^^^^^^^^^^^^^^^^^^^^^^^^^^
/usr/local/lib/python3.12/site-packages/numba/core/dispatcher.py:424: in _compile_for_args
    error_rewrite(e, 'typing')
_ _ _ _ _ _ _ _ _ _ _ _ _ _ _ _ _ _ _ _ _ _ _ _ _ _ _ _ _ _ _ _ _ _ _ _ _ _ _ _ 

e = TypingError('Failed in nopython mode pipeline (step: nopython frontend)\n\x1b[1m\x1b[1m\x1b[1m\x1b[1mNo implementation...    for i in range():\n\x1b[0m    \x1b[1m^\x1b[0m\x1b[0m\n\n\x1b[0m\x1b[1mDuring: Pass nopython_type_inference\x1b[0m')
issue_type = 'typing'

    def error_rewrite(e, issue_type):
        """
        Rewrite and raise Exception `e` with help supplied based on the
        specified issue_type.
        """
        if config.SHOW_HELP:
            help_msg = errors.error_extras[issue_type]
            e.patch_message('\n'.join((str(e).rstrip(), help_msg)))
        if config.FULL_TRACEBACKS:
            raise e
        else:
>           raise e.with_traceback(None)
E           numba.core.errors.TypingError: Failed in nopython mode pipeline (step: nopython frontend)
E           [1m[1m[1m[1mNo implementation of function Function(<class 'range'>) found for signature:
E            
E            >>> range()
E            
E           There are 2 candidate implementations:
E           [1m - Of which 2 did not match due to:
E            Type Restricted Function in function 'range': File: unknown: Line unknown.
E              With argument(s): '()':[0m
E           [1m  No match for registered cases:
E              * (int32,) -> range_state_int32
E              * (int32, int32) -> range_state_int32
E              * (int32, int32, int32) -> range_state_int32
E              * (int64,) -> range_state_int64
E              * (int64, int64) -> range_state_int64
E              * (int64, int64, int64) -> range_state_int64
E              * (uint64,) -> range_state_uint64
E              * (uint64, uint64) -> range_state_uint64
E              * (uint64, uint64, uint64) -> range_state_uint64[0m
E           [0m
E           [0m[1mDuring: resolving callee type: Function(<class 'range'>)[0m
E           [0m[1mDuring: typing of call at /finds/finds/fish.py (44)[0m
E           [1m
E           File "finds/fish.py", line 44:[0m
E           [1mdef perturb_orientations(orientations: NDArray, angle_delta: float) -> NDArray:
E               <source elided>
E           
E           [1m    for i in range():
E           [0m    [1m^[0m[0m
E           
E           [0m[1mDuring: Pass nopython_type_inference[0m

/usr/local/lib/python3.12/site-packages/numba/core/dispatcher.py:365: TypingError
______________________ test_compute_pairwise_interactions ______________________

    def test_compute_pairwise_interactions():
        r"""
        For an input shape of :math:`(N,6)`:
    
        1. The output should not produce NoneType
        2. The output shape should be :math:`(N,3)`.
        3. The matrix should not contain any infinite or complex entries.
        4. The norm of all rows in the output matrix should be greater than 0.
           (All interactions are non-zero in magnitude by definition.)
        """
        NUMBER_OF_TESTS = 10
    
        for _ in range(NUMBER_OF_TESTS):
>           N, system = generate_random_matrix()
                        ^^^^^^^^^^^^^^^^^^^^^^^^

test/test_calculations.py:69: 
_ _ _ _ _ _ _ _ _ _ _ _ _ _ _ _ _ _ _ _ _ _ _ _ _ _ _ _ _ _ _ _ _ _ _ _ _ _ _ _ 
test/common.py:20: in generate_random_matrix
    random_matrix = generate_system(
finds/fish.py:293: in generate_system
    orientations = perturb_orientations(orientations, angle_delta)
                   ^^^^^^^^^^^^^^^^^^^^^^^^^^^^^^^^^^^^^^^^^^^^^^^
/usr/local/lib/python3.12/site-packages/numba/core/dispatcher.py:424: in _compile_for_args
    error_rewrite(e, 'typing')
_ _ _ _ _ _ _ _ _ _ _ _ _ _ _ _ _ _ _ _ _ _ _ _ _ _ _ _ _ _ _ _ _ _ _ _ _ _ _ _ 

e = TypingError('Failed in nopython mode pipeline (step: nopython frontend)\n\x1b[1m\x1b[1m\x1b[1m\x1b[1mNo implementation...    for i in range():\n\x1b[0m    \x1b[1m^\x1b[0m\x1b[0m\n\n\x1b[0m\x1b[1mDuring: Pass nopython_type_inference\x1b[0m')
issue_type = 'typing'

    def error_rewrite(e, issue_type):
        """
        Rewrite and raise Exception `e` with help supplied based on the
        specified issue_type.
        """
        if config.SHOW_HELP:
            help_msg = errors.error_extras[issue_type]
            e.patch_message('\n'.join((str(e).rstrip(), help_msg)))
        if config.FULL_TRACEBACKS:
            raise e
        else:
>           raise e.with_traceback(None)
E           numba.core.errors.TypingError: Failed in nopython mode pipeline (step: nopython frontend)
E           [1m[1m[1m[1mNo implementation of function Function(<class 'range'>) found for signature:
E            
E            >>> range()
E            
E           There are 2 candidate implementations:
E           [1m - Of which 2 did not match due to:
E            Type Restricted Function in function 'range': File: unknown: Line unknown.
E              With argument(s): '()':[0m
E           [1m  No match for registered cases:
E              * (int32,) -> range_state_int32
E              * (int32, int32) -> range_state_int32
E              * (int32, int32, int32) -> range_state_int32
E              * (int64,) -> range_state_int64
E              * (int64, int64) -> range_state_int64
E              * (int64, int64, int64) -> range_state_int64
E              * (uint64,) -> range_state_uint64
E              * (uint64, uint64) -> range_state_uint64
E              * (uint64, uint64, uint64) -> range_state_uint64[0m
E           [0m
E           [0m[1mDuring: resolving callee type: Function(<class 'range'>)[0m
E           [0m[1mDuring: typing of call at /finds/finds/fish.py (44)[0m
E           [1m
E           File "finds/fish.py", line 44:[0m
E           [1mdef perturb_orientations(orientations: NDArray, angle_delta: float) -> NDArray:
E               <source elided>
E           
E           [1m    for i in range():
E           [0m    [1m^[0m[0m
E           
E           [0m[1mDuring: Pass nopython_type_inference[0m

/usr/local/lib/python3.12/site-packages/numba/core/dispatcher.py:365: TypingError
______________________ test_calculate_feature_velocities _______________________

    def test_calculate_feature_velocities():
        r"""
        For an input shape of :math:`(N,6)`:
    
        1. The output should not be NoneType
        2. The output shape should be :math:`(N,6)`.
        3. There should be no infinite values.
        4. All values must be nonzero.
        """
        NUMBER_OF_TESTS = 10
    
        for _ in range(NUMBER_OF_TESTS):
>           N, random_matrix = generate_random_matrix()
                               ^^^^^^^^^^^^^^^^^^^^^^^^

test/test_calculations.py:105: 
_ _ _ _ _ _ _ _ _ _ _ _ _ _ _ _ _ _ _ _ _ _ _ _ _ _ _ _ _ _ _ _ _ _ _ _ _ _ _ _ 
test/common.py:20: in generate_random_matrix
    random_matrix = generate_system(
finds/fish.py:293: in generate_system
    orientations = perturb_orientations(orientations, angle_delta)
                   ^^^^^^^^^^^^^^^^^^^^^^^^^^^^^^^^^^^^^^^^^^^^^^^
/usr/local/lib/python3.12/site-packages/numba/core/dispatcher.py:424: in _compile_for_args
    error_rewrite(e, 'typing')
_ _ _ _ _ _ _ _ _ _ _ _ _ _ _ _ _ _ _ _ _ _ _ _ _ _ _ _ _ _ _ _ _ _ _ _ _ _ _ _ 

e = TypingError('Failed in nopython mode pipeline (step: nopython frontend)\n\x1b[1m\x1b[1m\x1b[1m\x1b[1mNo implementation...    for i in range():\n\x1b[0m    \x1b[1m^\x1b[0m\x1b[0m\n\n\x1b[0m\x1b[1mDuring: Pass nopython_type_inference\x1b[0m')
issue_type = 'typing'

    def error_rewrite(e, issue_type):
        """
        Rewrite and raise Exception `e` with help supplied based on the
        specified issue_type.
        """
        if config.SHOW_HELP:
            help_msg = errors.error_extras[issue_type]
            e.patch_message('\n'.join((str(e).rstrip(), help_msg)))
        if config.FULL_TRACEBACKS:
            raise e
        else:
>           raise e.with_traceback(None)
E           numba.core.errors.TypingError: Failed in nopython mode pipeline (step: nopython frontend)
E           [1m[1m[1m[1mNo implementation of function Function(<class 'range'>) found for signature:
E            
E            >>> range()
E            
E           There are 2 candidate implementations:
E           [1m - Of which 2 did not match due to:
E            Type Restricted Function in function 'range': File: unknown: Line unknown.
E              With argument(s): '()':[0m
E           [1m  No match for registered cases:
E              * (int32,) -> range_state_int32
E              * (int32, int32) -> range_state_int32
E              * (int32, int32, int32) -> range_state_int32
E              * (int64,) -> range_state_int64
E              * (int64, int64) -> range_state_int64
E              * (int64, int64, int64) -> range_state_int64
E              * (uint64,) -> range_state_uint64
E              * (uint64, uint64) -> range_state_uint64
E              * (uint64, uint64, uint64) -> range_state_uint64[0m
E           [0m
E           [0m[1mDuring: resolving callee type: Function(<class 'range'>)[0m
E           [0m[1mDuring: typing of call at /finds/finds/fish.py (44)[0m
E           [1m
E           File "finds/fish.py", line 44:[0m
E           [1mdef perturb_orientations(orientations: NDArray, angle_delta: float) -> NDArray:
E               <source elided>
E           
E           [1m    for i in range():
E           [0m    [1m^[0m[0m
E           
E           [0m[1mDuring: Pass nopython_type_inference[0m

/usr/local/lib/python3.12/site-packages/numba/core/dispatcher.py:365: TypingError
_______________________ test_calculate_system_derivative _______________________

    def test_calculate_system_derivative():
        r"""
        For an input shape of :math:`(N,6)`:
    
        1. The output shape should be :math:`(N,6)`.
        2. The output shape should contain only real, floating-point numbers.
        3. The derivative for the full state should not be zero.
        """
        NUMBER_OF_TESTS = 5
    
        for _ in range(NUMBER_OF_TESTS):
>           N, random_matrix = generate_random_matrix()
                               ^^^^^^^^^^^^^^^^^^^^^^^^

test/test_calculations.py:138: 
_ _ _ _ _ _ _ _ _ _ _ _ _ _ _ _ _ _ _ _ _ _ _ _ _ _ _ _ _ _ _ _ _ _ _ _ _ _ _ _ 
test/common.py:20: in generate_random_matrix
    random_matrix = generate_system(
finds/fish.py:293: in generate_system
    orientations = perturb_orientations(orientations, angle_delta)
                   ^^^^^^^^^^^^^^^^^^^^^^^^^^^^^^^^^^^^^^^^^^^^^^^
/usr/local/lib/python3.12/site-packages/numba/core/dispatcher.py:424: in _compile_for_args
    error_rewrite(e, 'typing')
_ _ _ _ _ _ _ _ _ _ _ _ _ _ _ _ _ _ _ _ _ _ _ _ _ _ _ _ _ _ _ _ _ _ _ _ _ _ _ _ 

e = TypingError('Failed in nopython mode pipeline (step: nopython frontend)\n\x1b[1m\x1b[1m\x1b[1m\x1b[1mNo implementation...    for i in range():\n\x1b[0m    \x1b[1m^\x1b[0m\x1b[0m\n\n\x1b[0m\x1b[1mDuring: Pass nopython_type_inference\x1b[0m')
issue_type = 'typing'

    def error_rewrite(e, issue_type):
        """
        Rewrite and raise Exception `e` with help supplied based on the
        specified issue_type.
        """
        if config.SHOW_HELP:
            help_msg = errors.error_extras[issue_type]
            e.patch_message('\n'.join((str(e).rstrip(), help_msg)))
        if config.FULL_TRACEBACKS:
            raise e
        else:
>           raise e.with_traceback(None)
E           numba.core.errors.TypingError: Failed in nopython mode pipeline (step: nopython frontend)
E           [1m[1m[1m[1mNo implementation of function Function(<class 'range'>) found for signature:
E            
E            >>> range()
E            
E           There are 2 candidate implementations:
E           [1m - Of which 2 did not match due to:
E            Type Restricted Function in function 'range': File: unknown: Line unknown.
E              With argument(s): '()':[0m
E           [1m  No match for registered cases:
E              * (int32,) -> range_state_int32
E              * (int32, int32) -> range_state_int32
E              * (int32, int32, int32) -> range_state_int32
E              * (int64,) -> range_state_int64
E              * (int64, int64) -> range_state_int64
E              * (int64, int64, int64) -> range_state_int64
E              * (uint64,) -> range_state_uint64
E              * (uint64, uint64) -> range_state_uint64
E              * (uint64, uint64, uint64) -> range_state_uint64[0m
E           [0m
E           [0m[1mDuring: resolving callee type: Function(<class 'range'>)[0m
E           [0m[1mDuring: typing of call at /finds/finds/fish.py (44)[0m
E           [1m
E           File "finds/fish.py", line 44:[0m
E           [1mdef perturb_orientations(orientations: NDArray, angle_delta: float) -> NDArray:
E               <source elided>
E           
E           [1m    for i in range():
E           [0m    [1m^[0m[0m
E           
E           [0m[1mDuring: Pass nopython_type_inference[0m

/usr/local/lib/python3.12/site-packages/numba/core/dispatcher.py:365: TypingError
_______________________ test_positions_and_orientations ________________________

    def test_positions_and_orientations():
        r"""
        For an input shape of :math:`(N,6)`,
    
        1. Neither should be NoneType
        2. Both should return an output shape of :math:`(N,3)`
        3. They should not be identical.
        4. Put together, they should produce the original matrix.
        """
        NUMBER_OF_TESTS = 10
    
        for _ in range(NUMBER_OF_TESTS):
>           N, random_matrix = generate_random_matrix()
                               ^^^^^^^^^^^^^^^^^^^^^^^^

test/test_fish.py:17: 
_ _ _ _ _ _ _ _ _ _ _ _ _ _ _ _ _ _ _ _ _ _ _ _ _ _ _ _ _ _ _ _ _ _ _ _ _ _ _ _ 
test/common.py:20: in generate_random_matrix
    random_matrix = generate_system(
finds/fish.py:293: in generate_system
    orientations = perturb_orientations(orientations, angle_delta)
                   ^^^^^^^^^^^^^^^^^^^^^^^^^^^^^^^^^^^^^^^^^^^^^^^
/usr/local/lib/python3.12/site-packages/numba/core/dispatcher.py:424: in _compile_for_args
    error_rewrite(e, 'typing')
_ _ _ _ _ _ _ _ _ _ _ _ _ _ _ _ _ _ _ _ _ _ _ _ _ _ _ _ _ _ _ _ _ _ _ _ _ _ _ _ 

e = TypingError('Failed in nopython mode pipeline (step: nopython frontend)\n\x1b[1m\x1b[1m\x1b[1m\x1b[1mNo implementation...    for i in range():\n\x1b[0m    \x1b[1m^\x1b[0m\x1b[0m\n\n\x1b[0m\x1b[1mDuring: Pass nopython_type_inference\x1b[0m')
issue_type = 'typing'

    def error_rewrite(e, issue_type):
        """
        Rewrite and raise Exception `e` with help supplied based on the
        specified issue_type.
        """
        if config.SHOW_HELP:
            help_msg = errors.error_extras[issue_type]
            e.patch_message('\n'.join((str(e).rstrip(), help_msg)))
        if config.FULL_TRACEBACKS:
            raise e
        else:
>           raise e.with_traceback(None)
E           numba.core.errors.TypingError: Failed in nopython mode pipeline (step: nopython frontend)
E           [1m[1m[1m[1mNo implementation of function Function(<class 'range'>) found for signature:
E            
E            >>> range()
E            
E           There are 2 candidate implementations:
E           [1m - Of which 2 did not match due to:
E            Type Restricted Function in function 'range': File: unknown: Line unknown.
E              With argument(s): '()':[0m
E           [1m  No match for registered cases:
E              * (int32,) -> range_state_int32
E              * (int32, int32) -> range_state_int32
E              * (int32, int32, int32) -> range_state_int32
E              * (int64,) -> range_state_int64
E              * (int64, int64) -> range_state_int64
E              * (int64, int64, int64) -> range_state_int64
E              * (uint64,) -> range_state_uint64
E              * (uint64, uint64) -> range_state_uint64
E              * (uint64, uint64, uint64) -> range_state_uint64[0m
E           [0m
E           [0m[1mDuring: resolving callee type: Function(<class 'range'>)[0m
E           [0m[1mDuring: typing of call at /finds/finds/fish.py (44)[0m
E           [1m
E           File "finds/fish.py", line 44:[0m
E           [1mdef perturb_orientations(orientations: NDArray, angle_delta: float) -> NDArray:
E               <source elided>
E           
E           [1m    for i in range():
E           [0m    [1m^[0m[0m
E           
E           [0m[1mDuring: Pass nopython_type_inference[0m

/usr/local/lib/python3.12/site-packages/numba/core/dispatcher.py:365: TypingError
_____________________________ test_generate_system _____________________________

    def test_generate_system():
        NUMBER_OF_TESTS = 10
        for _ in range(NUMBER_OF_TESTS):
>           N, random_matrix = generate_random_matrix()
                               ^^^^^^^^^^^^^^^^^^^^^^^^

test/test_fish.py:112: 
_ _ _ _ _ _ _ _ _ _ _ _ _ _ _ _ _ _ _ _ _ _ _ _ _ _ _ _ _ _ _ _ _ _ _ _ _ _ _ _ 
test/common.py:20: in generate_random_matrix
    random_matrix = generate_system(
finds/fish.py:293: in generate_system
    orientations = perturb_orientations(orientations, angle_delta)
                   ^^^^^^^^^^^^^^^^^^^^^^^^^^^^^^^^^^^^^^^^^^^^^^^
/usr/local/lib/python3.12/site-packages/numba/core/dispatcher.py:424: in _compile_for_args
    error_rewrite(e, 'typing')
_ _ _ _ _ _ _ _ _ _ _ _ _ _ _ _ _ _ _ _ _ _ _ _ _ _ _ _ _ _ _ _ _ _ _ _ _ _ _ _ 

e = TypingError('Failed in nopython mode pipeline (step: nopython frontend)\n\x1b[1m\x1b[1m\x1b[1m\x1b[1mNo implementation...    for i in range():\n\x1b[0m    \x1b[1m^\x1b[0m\x1b[0m\n\n\x1b[0m\x1b[1mDuring: Pass nopython_type_inference\x1b[0m')
issue_type = 'typing'

    def error_rewrite(e, issue_type):
        """
        Rewrite and raise Exception `e` with help supplied based on the
        specified issue_type.
        """
        if config.SHOW_HELP:
            help_msg = errors.error_extras[issue_type]
            e.patch_message('\n'.join((str(e).rstrip(), help_msg)))
        if config.FULL_TRACEBACKS:
            raise e
        else:
>           raise e.with_traceback(None)
E           numba.core.errors.TypingError: Failed in nopython mode pipeline (step: nopython frontend)
E           [1m[1m[1m[1mNo implementation of function Function(<class 'range'>) found for signature:
E            
E            >>> range()
E            
E           There are 2 candidate implementations:
E           [1m - Of which 2 did not match due to:
E            Type Restricted Function in function 'range': File: unknown: Line unknown.
E              With argument(s): '()':[0m
E           [1m  No match for registered cases:
E              * (int32,) -> range_state_int32
E              * (int32, int32) -> range_state_int32
E              * (int32, int32, int32) -> range_state_int32
E              * (int64,) -> range_state_int64
E              * (int64, int64) -> range_state_int64
E              * (int64, int64, int64) -> range_state_int64
E              * (uint64,) -> range_state_uint64
E              * (uint64, uint64) -> range_state_uint64
E              * (uint64, uint64, uint64) -> range_state_uint64[0m
E           [0m
E           [0m[1mDuring: resolving callee type: Function(<class 'range'>)[0m
E           [0m[1mDuring: typing of call at /finds/finds/fish.py (44)[0m
E           [1m
E           File "finds/fish.py", line 44:[0m
E           [1mdef perturb_orientations(orientations: NDArray, angle_delta: float) -> NDArray:
E               <source elided>
E           
E           [1m    for i in range():
E           [0m    [1m^[0m[0m
E           
E           [0m[1mDuring: Pass nopython_type_inference[0m

/usr/local/lib/python3.12/site-packages/numba/core/dispatcher.py:365: TypingError
______________________ test_normalize_orientation_vectors ______________________

    def test_normalize_orientation_vectors():
        r"""
        For an input shape of :math:`(N,6)`:
    
        1. Normalization should not produce a NoneType object.
        2. The output should have an identical shape.
        3. All of the orientation vectors should be unit vectors.
        """
        NUMBER_OF_TESTS = 10
    
        for _ in range(NUMBER_OF_TESTS):
>           N, random_matrix = generate_random_matrix()
                               ^^^^^^^^^^^^^^^^^^^^^^^^

test/test_fish.py:162: 
_ _ _ _ _ _ _ _ _ _ _ _ _ _ _ _ _ _ _ _ _ _ _ _ _ _ _ _ _ _ _ _ _ _ _ _ _ _ _ _ 
test/common.py:20: in generate_random_matrix
    random_matrix = generate_system(
finds/fish.py:293: in generate_system
    orientations = perturb_orientations(orientations, angle_delta)
                   ^^^^^^^^^^^^^^^^^^^^^^^^^^^^^^^^^^^^^^^^^^^^^^^
/usr/local/lib/python3.12/site-packages/numba/core/dispatcher.py:424: in _compile_for_args
    error_rewrite(e, 'typing')
_ _ _ _ _ _ _ _ _ _ _ _ _ _ _ _ _ _ _ _ _ _ _ _ _ _ _ _ _ _ _ _ _ _ _ _ _ _ _ _ 

e = TypingError('Failed in nopython mode pipeline (step: nopython frontend)\n\x1b[1m\x1b[1m\x1b[1m\x1b[1mNo implementation...    for i in range():\n\x1b[0m    \x1b[1m^\x1b[0m\x1b[0m\n\n\x1b[0m\x1b[1mDuring: Pass nopython_type_inference\x1b[0m')
issue_type = 'typing'

    def error_rewrite(e, issue_type):
        """
        Rewrite and raise Exception `e` with help supplied based on the
        specified issue_type.
        """
        if config.SHOW_HELP:
            help_msg = errors.error_extras[issue_type]
            e.patch_message('\n'.join((str(e).rstrip(), help_msg)))
        if config.FULL_TRACEBACKS:
            raise e
        else:
>           raise e.with_traceback(None)
E           numba.core.errors.TypingError: Failed in nopython mode pipeline (step: nopython frontend)
E           [1m[1m[1m[1mNo implementation of function Function(<class 'range'>) found for signature:
E            
E            >>> range()
E            
E           There are 2 candidate implementations:
E           [1m - Of which 2 did not match due to:
E            Type Restricted Function in function 'range': File: unknown: Line unknown.
E              With argument(s): '()':[0m
E           [1m  No match for registered cases:
E              * (int32,) -> range_state_int32
E              * (int32, int32) -> range_state_int32
E              * (int32, int32, int32) -> range_state_int32
E              * (int64,) -> range_state_int64
E              * (int64, int64) -> range_state_int64
E              * (int64, int64, int64) -> range_state_int64
E              * (uint64,) -> range_state_uint64
E              * (uint64, uint64) -> range_state_uint64
E              * (uint64, uint64, uint64) -> range_state_uint64[0m
E           [0m
E           [0m[1mDuring: resolving callee type: Function(<class 'range'>)[0m
E           [0m[1mDuring: typing of call at /finds/finds/fish.py (44)[0m
E           [1m
E           File "finds/fish.py", line 44:[0m
E           [1mdef perturb_orientations(orientations: NDArray, angle_delta: float) -> NDArray:
E               <source elided>
E           
E           [1m    for i in range():
E           [0m    [1m^[0m[0m
E           
E           [0m[1mDuring: Pass nopython_type_inference[0m

/usr/local/lib/python3.12/site-packages/numba/core/dispatcher.py:365: TypingError
__________________________ test_calculate_update_rk4 ___________________________

    def test_calculate_update_rk4():
        r"""
        For an input shape of :math:`(N,6)`:
    
        1. The output shape should always be the same as the input shape.
        2. For a time step of 0, the output should be identical to the input.
        3. Smaller time steps should produce less change than bigger time steps,
           or :math:`|| \mathbf{X} - \mathbf{X}_{\delta t_1} || \le || \mathbf{X}
           - \mathbf{X}_{\delta t_2} ||` where :math:`\delta t_1 < \delta t_2`
        4. The Eulerian Limit: for small :math:`\delta t`, Eulerian approximation
           and Runge-Kutta should be roughly equal.
    
           .. math::
               \mathbf{X}(t + \delta t)_{\text{RK4}} \approx \mathbf{X} +
               f(\mathbf{X}) \delta t
    
        5. The orientation vector should come out normalized.
        6. The calculation should be deterministic, so running the same
           function twice should produce identical results.
        """
        NUMBER_OF_TESTS = 5
    
        for _ in range(NUMBER_OF_TESTS):
>           N, random_matrix = generate_random_matrix()
                               ^^^^^^^^^^^^^^^^^^^^^^^^

test/test_simulation.py:29: 
_ _ _ _ _ _ _ _ _ _ _ _ _ _ _ _ _ _ _ _ _ _ _ _ _ _ _ _ _ _ _ _ _ _ _ _ _ _ _ _ 
test/common.py:20: in generate_random_matrix
    random_matrix = generate_system(
finds/fish.py:293: in generate_system
    orientations = perturb_orientations(orientations, angle_delta)
                   ^^^^^^^^^^^^^^^^^^^^^^^^^^^^^^^^^^^^^^^^^^^^^^^
/usr/local/lib/python3.12/site-packages/numba/core/dispatcher.py:424: in _compile_for_args
    error_rewrite(e, 'typing')
_ _ _ _ _ _ _ _ _ _ _ _ _ _ _ _ _ _ _ _ _ _ _ _ _ _ _ _ _ _ _ _ _ _ _ _ _ _ _ _ 

e = TypingError('Failed in nopython mode pipeline (step: nopython frontend)\n\x1b[1m\x1b[1m\x1b[1m\x1b[1mNo implementation...    for i in range():\n\x1b[0m    \x1b[1m^\x1b[0m\x1b[0m\n\n\x1b[0m\x1b[1mDuring: Pass nopython_type_inference\x1b[0m')
issue_type = 'typing'

    def error_rewrite(e, issue_type):
        """
        Rewrite and raise Exception `e` with help supplied based on the
        specified issue_type.
        """
        if config.SHOW_HELP:
            help_msg = errors.error_extras[issue_type]
            e.patch_message('\n'.join((str(e).rstrip(), help_msg)))
        if config.FULL_TRACEBACKS:
            raise e
        else:
>           raise e.with_traceback(None)
E           numba.core.errors.TypingError: Failed in nopython mode pipeline (step: nopython frontend)
E           [1m[1m[1m[1mNo implementation of function Function(<class 'range'>) found for signature:
E            
E            >>> range()
E            
E           There are 2 candidate implementations:
E           [1m - Of which 2 did not match due to:
E            Type Restricted Function in function 'range': File: unknown: Line unknown.
E              With argument(s): '()':[0m
E           [1m  No match for registered cases:
E              * (int32,) -> range_state_int32
E              * (int32, int32) -> range_state_int32
E              * (int32, int32, int32) -> range_state_int32
E              * (int64,) -> range_state_int64
E              * (int64, int64) -> range_state_int64
E              * (int64, int64, int64) -> range_state_int64
E              * (uint64,) -> range_state_uint64
E              * (uint64, uint64) -> range_state_uint64
E              * (uint64, uint64, uint64) -> range_state_uint64[0m
E           [0m
E           [0m[1mDuring: resolving callee type: Function(<class 'range'>)[0m
E           [0m[1mDuring: typing of call at /finds/finds/fish.py (44)[0m
E           [1m
E           File "finds/fish.py", line 44:[0m
E           [1mdef perturb_orientations(orientations: NDArray, angle_delta: float) -> NDArray:
E               <source elided>
E           
E           [1m    for i in range():
E           [0m    [1m^[0m[0m
E           
E           [0m[1mDuring: Pass nopython_type_inference[0m

/usr/local/lib/python3.12/site-packages/numba/core/dispatcher.py:365: TypingError
=========================== short test summary info ============================
FAILED test/test_calculations.py::test_calculate_feature_positions - numba.co...
FAILED test/test_calculations.py::test_compute_pairwise_interactions - numba....
FAILED test/test_calculations.py::test_calculate_feature_velocities - numba.c...
FAILED test/test_calculations.py::test_calculate_system_derivative - numba.co...
FAILED test/test_fish.py::test_positions_and_orientations - numba.core.errors...
FAILED test/test_fish.py::test_generate_system - numba.core.errors.TypingErro...
FAILED test/test_fish.py::test_normalize_orientation_vectors - numba.core.err...
FAILED test/test_simulation.py::test_calculate_update_rk4 - numba.core.errors...
========================= 8 failed, 6 passed in 8.67s ==========================
